[debug] [2025-01-04T20:04:16.648Z] ----------------------------------------------------------------------
[debug] [2025-01-04T20:04:16.651Z] Command:       C:\Program Files\nodejs\node.exe C:\Users\danca\AppData\Roaming\npm\node_modules\firebase-tools\lib\bin\firebase.js projects:list
[debug] [2025-01-04T20:04:16.651Z] CLI Version:   13.22.0
[debug] [2025-01-04T20:04:16.651Z] Platform:      win32
[debug] [2025-01-04T20:04:16.651Z] Node Version:  v20.12.1
[debug] [2025-01-04T20:04:16.651Z] Time:          Sat Jan 04 2025 17:04:16 GMT-0300 (hora estándar de Argentina)
[debug] [2025-01-04T20:04:16.651Z] ----------------------------------------------------------------------
[debug] 
[debug] [2025-01-04T20:04:16.654Z] >>> [apiv2][query] GET https://firebase-public.firebaseio.com/cli.json [none]
[debug] [2025-01-04T20:04:16.694Z] > command requires scopes: ["email","openid","https://www.googleapis.com/auth/cloudplatformprojects.readonly","https://www.googleapis.com/auth/firebase","https://www.googleapis.com/auth/cloud-platform"]
[debug] [2025-01-04T20:04:16.694Z] > authorizing via signed-in user (daniinad175.may30@gmail.com)
[debug] [2025-01-04T20:04:16.697Z] Checked if tokens are valid: false, expires at: 1711900332404
[debug] [2025-01-04T20:04:16.697Z] Checked if tokens are valid: false, expires at: 1711900332404
[debug] [2025-01-04T20:04:16.698Z] > refreshing access token with scopes: []
[debug] [2025-01-04T20:04:16.698Z] >>> [apiv2][query] POST https://www.googleapis.com/oauth2/v3/token [none]
[debug] [2025-01-04T20:04:16.698Z] >>> [apiv2][body] POST https://www.googleapis.com/oauth2/v3/token [omitted]
[debug] [2025-01-04T20:04:17.081Z] <<< [apiv2][status] GET https://firebase-public.firebaseio.com/cli.json 200
[debug] [2025-01-04T20:04:17.082Z] <<< [apiv2][body] GET https://firebase-public.firebaseio.com/cli.json {"cloudBuildErrorAfter":1594252800000,"cloudBuildWarnAfter":1590019200000,"defaultNode10After":1594252800000,"minVersion":"3.0.5","node8DeploysDisabledAfter":1613390400000,"node8RuntimeDisabledAfter":1615809600000,"node8WarnAfter":1600128000000}
[debug] [2025-01-04T20:04:17.097Z] <<< [apiv2][status] POST https://www.googleapis.com/oauth2/v3/token 400
[debug] [2025-01-04T20:04:17.098Z] <<< [apiv2][body] POST https://www.googleapis.com/oauth2/v3/token [omitted]
[debug] [2025-01-04T20:04:17.101Z] >>> [apiv2][query] GET https://firebase.googleapis.com/v1beta1/projects pageSize=1000
[debug] [2025-01-04T20:04:17.296Z] <<< [apiv2][status] GET https://firebase.googleapis.com/v1beta1/projects 401
[debug] [2025-01-04T20:04:17.296Z] <<< [apiv2][body] GET https://firebase.googleapis.com/v1beta1/projects [omitted]
[debug] [2025-01-04T20:04:17.296Z] Got a 401 Unauthenticated error for a call that required authentication. Refreshing tokens.
[debug] [2025-01-04T20:04:17.296Z] Checked if tokens are valid: false, expires at: 1711900332404
[debug] [2025-01-04T20:04:17.296Z] Checked if tokens are valid: false, expires at: 1711900332404
[debug] [2025-01-04T20:04:17.296Z] > refreshing access token with scopes: []
[debug] [2025-01-04T20:04:17.296Z] >>> [apiv2][query] POST https://www.googleapis.com/oauth2/v3/token [none]
[debug] [2025-01-04T20:04:17.296Z] >>> [apiv2][body] POST https://www.googleapis.com/oauth2/v3/token [omitted]
[debug] [2025-01-04T20:04:17.354Z] <<< [apiv2][status] POST https://www.googleapis.com/oauth2/v3/token 400
[debug] [2025-01-04T20:04:17.354Z] <<< [apiv2][body] POST https://www.googleapis.com/oauth2/v3/token [omitted]
[debug] [2025-01-04T20:04:17.355Z] HTTP Error: 401, Request had invalid authentication credentials. Expected OAuth 2 access token, login cookie or other valid authentication credential. See https://developers.google.com/identity/sign-in/web/devconsole-project.
[debug] [2025-01-04T20:04:17.702Z] FirebaseError: HTTP Error: 401, Request had invalid authentication credentials. Expected OAuth 2 access token, login cookie or other valid authentication credential. See https://developers.google.com/identity/sign-in/web/devconsole-project.
    at responseToError (C:\Users\danca\AppData\Roaming\npm\node_modules\firebase-tools\lib\responseToError.js:49:12)
    at RetryOperation._fn (C:\Users\danca\AppData\Roaming\npm\node_modules\firebase-tools\lib\apiv2.js:312:77)
    at process.processTicksAndRejections (node:internal/process/task_queues:95:5)
[error] 
[error] Error: Failed to list Firebase projects. See firebase-debug.log for more info.
